2022-06-29 DEBUG [AWT-EventQueue-0] (JRFillTextField.java:438) - created net.sf.jasperreports.engine.fill.JRTemplateText@28e55abd for (null, {java.lang.Float, USD #,##0.00,null,null,null})
2022-06-29 DEBUG [AWT-EventQueue-0] (DeduplicableRegistry.java:85) - Added object net.sf.jasperreports.engine.fill.JRTemplateText@6efee3dc
2022-06-29 DEBUG [AWT-EventQueue-0] (JRFillTextField.java:438) - created net.sf.jasperreports.engine.fill.JRTemplateText@6efee3dc for (null, {java.lang.Integer, null,null,null,null})
2022-06-29 DEBUG [AWT-EventQueue-0] (DeduplicableRegistry.java:92) - Found existing instance net.sf.jasperreports.engine.fill.JRTemplateText@28e55abd for object net.sf.jasperreports.engine.fill.JRTemplateText@5820addd
2022-06-29 DEBUG [AWT-EventQueue-0] (JRFillTextField.java:438) - created net.sf.jasperreports.engine.fill.JRTemplateText@28e55abd for (null, {java.lang.Float, USD #,##0.00,null,null,null})
2022-06-29 DEBUG [AWT-EventQueue-0] (DeduplicableRegistry.java:85) - Added object net.sf.jasperreports.engine.fill.JRTemplateText@668e5661
2022-06-29 DEBUG [AWT-EventQueue-0] (JRFillTextField.java:438) - created net.sf.jasperreports.engine.fill.JRTemplateText@668e5661 for (null, null)
2022-06-29 DEBUG [AWT-EventQueue-0] (DeduplicableRegistry.java:92) - Found existing instance net.sf.jasperreports.engine.fill.JRTemplateText@668e5661 for object net.sf.jasperreports.engine.fill.JRTemplateText@2d69420c
2022-06-29 DEBUG [AWT-EventQueue-0] (JRFillTextField.java:438) - created net.sf.jasperreports.engine.fill.JRTemplateText@668e5661 for (null, null)
2022-06-29 DEBUG [AWT-EventQueue-0] (DeduplicableRegistry.java:85) - Added object net.sf.jasperreports.engine.fill.JRTemplateText@667dcf25
2022-06-29 DEBUG [AWT-EventQueue-0] (JRFillTextField.java:438) - created net.sf.jasperreports.engine.fill.JRTemplateText@667dcf25 for (null, {java.lang.Float, USD #,##0.00,null,null,null})
2022-06-29 DEBUG [AWT-EventQueue-0] (DeduplicableRegistry.java:85) - Added object net.sf.jasperreports.engine.fill.JRTemplateText@784f5044
2022-06-29 DEBUG [AWT-EventQueue-0] (JRFillTextField.java:438) - created net.sf.jasperreports.engine.fill.JRTemplateText@784f5044 for (null, {java.lang.Integer, null,null,null,null})
2022-06-29 DEBUG [AWT-EventQueue-0] (JRBaseFiller.java:973) - Fill 1: ended
2022-06-29 DEBUG [AWT-EventQueue-0] (JRFillDataset.java:1188) - Fill 1: closing query executer
2022-06-29 DEBUG [AWT-EventQueue-0] (ExtensionsEnvironment.java:78) - Instantiating extensions registry class net.sf.jasperreports.extensions.DefaultExtensionsRegistry
2022-06-29 DEBUG [AWT-EventQueue-0] (DefaultExtensionsRegistry.java:130) - Loading registries for cache key sun.misc.Launcher$AppClassLoader@7ea987ac
2022-06-29 DEBUG [AWT-EventQueue-0] (JRLoader.java:723) - Found resource jasperreports_extension.properties at jar:file:/C:/Users/Admin/Desktop/Libs/jasperreports-5.6.1.jar!/jasperreports_extension.properties in classloader sun.misc.Launcher$AppClassLoader@7ea987ac
2022-06-29 DEBUG [AWT-EventQueue-0] (DefaultExtensionsRegistry.java:158) - Loading JasperReports extension properties resource jar:file:/C:/Users/Admin/Desktop/Libs/jasperreports-5.6.1.jar!/jasperreports_extension.properties
2022-06-29 DEBUG [AWT-EventQueue-0] (DefaultExtensionsRegistry.java:208) - Instantiating registry of type net.sf.jasperreports.components.headertoolbar.HeaderToolbarParameterContributorExtensionFactory for property net.sf.jasperreports.extension.registry.factory.header.toolbar.parameter.contributor
2022-06-29 DEBUG [AWT-EventQueue-0] (DefaultExtensionsRegistry.java:233) - Instantiating extensions registry for header.toolbar.parameter.contributor using factory class net.sf.jasperreports.components.headertoolbar.HeaderToolbarParameterContributorExtensionFactory
2022-06-29 DEBUG [AWT-EventQueue-0] (DefaultExtensionsRegistry.java:208) - Instantiating registry of type net.sf.jasperreports.types.date.DateRangeQueryClauseExtensions for property net.sf.jasperreports.extension.registry.factory.date.range.clause.functions
2022-06-29 DEBUG [AWT-EventQueue-0] (DefaultExtensionsRegistry.java:233) - Instantiating extensions registry for date.range.clause.functions using factory class net.sf.jasperreports.types.date.DateRangeQueryClauseExtensions
2022-06-29 DEBUG [AWT-EventQueue-0] (DefaultExtensionsRegistry.java:208) - Instantiating registry of type net.sf.jasperreports.repo.DefaultRepositoryExtensionsRegistryFactory for property net.sf.jasperreports.extension.registry.factory.repository
2022-06-29 DEBUG [AWT-EventQueue-0] (DefaultExtensionsRegistry.java:233) - Instantiating extensions registry for repository using factory class net.sf.jasperreports.repo.DefaultRepositoryExtensionsRegistryFactory
2022-06-29 DEBUG [AWT-EventQueue-0] (DefaultExtensionsRegistry.java:208) - Instantiating registry of type net.sf.jasperreports.web.util.ContentTypeMappingExtensionsRegistryFactory for property net.sf.jasperreports.extension.registry.factory.content.type.mapping
2022-06-29 DEBUG [AWT-EventQueue-0] (DefaultExtensionsRegistry.java:233) - Instantiating extensions registry for content.type.mapping using factory class net.sf.jasperreports.web.util.ContentTypeMappingExtensionsRegistryFactory
2022-06-29 DEBUG [AWT-EventQueue-0] (DefaultExtensionsRegistry.java:208) - Instantiating registry of type net.sf.jasperreports.engine.fonts.SimpleFontExtensionsRegistryFactory for property net.sf.jasperreports.extension.registry.factory.simple.font.families
2022-06-29 DEBUG [AWT-EventQueue-0] (DefaultExtensionsRegistry.java:233) - Instantiating extensions registry for simple.font.families using factory class net.sf.jasperreports.engine.fonts.SimpleFontExtensionsRegistryFactory
2022-06-29 DEBUG [AWT-EventQueue-0] (DefaultExtensionsRegistry.java:208) - Instantiating registry of type net.sf.jasperreports.data.DefaultDataAdapterServiceExtensionsRegistryFactory for property net.sf.jasperreports.extension.registry.factory.data.adapter.services
2022-06-29 DEBUG [AWT-EventQueue-0] (DefaultExtensionsRegistry.java:233) - Instantiating extensions registry for data.adapter.services using factory class net.sf.jasperreports.data.DefaultDataAdapterServiceExtensionsRegistryFactory
2022-06-29 DEBUG [AWT-EventQueue-0] (DefaultExtensionsRegistry.java:208) - Instantiating registry of type net.sf.jasperreports.web.util.WebResourceHandlersExtensionRegistryFactory for property net.sf.jasperreports.extension.registry.factory.jive.web.resource.handlers
2022-06-29 DEBUG [AWT-EventQueue-0] (DefaultExtensionsRegistry.java:233) - Instantiating extensions registry for jive.web.resource.handlers using factory class net.sf.jasperreports.web.util.WebResourceHandlersExtensionRegistryFactory
2022-06-29 DEBUG [AWT-EventQueue-0] (DefaultExtensionsRegistry.java:208) - Instantiating registry of type net.sf.jasperreports.util.CastorMappingExtensionsRegistryFactory for property net.sf.jasperreports.extension.registry.factory.castor.mapping
2022-06-29 DEBUG [AWT-EventQueue-0] (DefaultExtensionsRegistry.java:233) - Instantiating extensions registry for castor.mapping using factory class net.sf.jasperreports.util.CastorMappingExtensionsRegistryFactory
2022-06-29 DEBUG [AWT-EventQueue-0] (DefaultExtensionsRegistry.java:208) - Instantiating registry of type net.sf.jasperreports.engine.export.MatcherExportFilterMappingExtensionsRegistryFactory for property net.sf.jasperreports.extension.registry.factory.matcher.exporter.filter.mapping
2022-06-29 DEBUG [AWT-EventQueue-0] (DefaultExtensionsRegistry.java:233) - Instantiating extensions registry for matcher.exporter.filter.mapping using factory class net.sf.jasperreports.engine.export.MatcherExportFilterMappingExtensionsRegistryFactory
2022-06-29 DEBUG [AWT-EventQueue-0] (DefaultExtensionsRegistry.java:208) - Instantiating registry of type net.sf.jasperreports.governors.GovernorExtensionsRegistryFactory for property net.sf.jasperreports.extension.registry.factory.governor
2022-06-29 DEBUG [AWT-EventQueue-0] (DefaultExtensionsRegistry.java:233) - Instantiating extensions registry for governor using factory class net.sf.jasperreports.governors.GovernorExtensionsRegistryFactory
2022-06-29 DEBUG [AWT-EventQueue-0] (DefaultExtensionsRegistry.java:208) - Instantiating registry of type net.sf.jasperreports.web.util.RequirejsModuleMappingExtensionsRegistryFactory for property net.sf.jasperreports.extension.registry.factory.requirejs.module.mapping
2022-06-29 DEBUG [AWT-EventQueue-0] (DefaultExtensionsRegistry.java:233) - Instantiating extensions registry for requirejs.module.mapping using factory class net.sf.jasperreports.web.util.RequirejsModuleMappingExtensionsRegistryFactory
2022-06-29 DEBUG [AWT-EventQueue-0] (DefaultExtensionsRegistry.java:208) - Instantiating registry of type net.sf.jasperreports.engine.query.SQLQueryClauseFunctionsExtensions for property net.sf.jasperreports.extension.registry.factory.sql.clause.functions
2022-06-29 DEBUG [AWT-EventQueue-0] (DefaultExtensionsRegistry.java:233) - Instantiating extensions registry for sql.clause.functions using factory class net.sf.jasperreports.engine.query.SQLQueryClauseFunctionsExtensions
2022-06-29 DEBUG [AWT-EventQueue-0] (DefaultExtensionsRegistry.java:208) - Instantiating registry of type net.sf.jasperreports.engine.style.PropertyStyleProviderExtensionFactory for property net.sf.jasperreports.extension.registry.factory.property.style.provider
2022-06-29 DEBUG [AWT-EventQueue-0] (DefaultExtensionsRegistry.java:233) - Instantiating extensions registry for property.style.provider using factory class net.sf.jasperreports.engine.style.PropertyStyleProviderExtensionFactory
2022-06-29 DEBUG [AWT-EventQueue-0] (DefaultExtensionsRegistry.java:208) - Instantiating registry of type net.sf.jasperreports.web.util.JacksonMappingExtensionsRegistryFactory for property net.sf.jasperreports.extension.registry.factory.jackson.mapping
2022-06-29 DEBUG [AWT-EventQueue-0] (DefaultExtensionsRegistry.java:233) - Instantiating extensions registry for jackson.mapping using factory class net.sf.jasperreports.web.util.JacksonMappingExtensionsRegistryFactory
2022-06-29 DEBUG [AWT-EventQueue-0] (DefaultExtensionsRegistry.java:208) - Instantiating registry of type net.sf.jasperreports.extensions.DefaultExtensionsRegistryFactory for property net.sf.jasperreports.extension.registry.factory.default
2022-06-29 DEBUG [AWT-EventQueue-0] (DefaultExtensionsRegistry.java:233) - Instantiating extensions registry for default using factory class net.sf.jasperreports.extensions.DefaultExtensionsRegistryFactory
2022-06-29 DEBUG [AWT-EventQueue-0] (DefaultExtensionsRegistry.java:208) - Instantiating registry of type net.sf.jasperreports.components.ComponentsExtensionsRegistryFactory for property net.sf.jasperreports.extension.registry.factory.components
2022-06-29 DEBUG [AWT-EventQueue-0] (DefaultExtensionsRegistry.java:233) - Instantiating extensions registry for components using factory class net.sf.jasperreports.components.ComponentsExtensionsRegistryFactory
2022-06-29 DEBUG [AWT-EventQueue-0] (DefaultExtensionsRegistry.java:208) - Instantiating registry of type net.sf.jasperreports.components.headertoolbar.HeaderToolbarConditionalStyleProviderExtensionFactory for property net.sf.jasperreports.extension.registry.factory.header.toolbar.style.provider
2022-06-29 DEBUG [AWT-EventQueue-0] (DefaultExtensionsRegistry.java:233) - Instantiating extensions registry for header.toolbar.style.provider using factory class net.sf.jasperreports.components.headertoolbar.HeaderToolbarConditionalStyleProviderExtensionFactory
2022-06-29 DEBUG [AWT-EventQueue-0] (JRBaseFiller.java:356) - Fill 1: created for null
2022-06-29 DEBUG [AWT-EventQueue-0] (JRFillBand.java:154) - Origin {reportName: null, groupName: null,bandType: BACKGROUND} for band 2080066763
2022-06-29 DEBUG [AWT-EventQueue-0] (JRFillBand.java:154) - Origin {reportName: null, groupName: null,bandType: TITLE} for band 1107181218
2022-06-29 DEBUG [AWT-EventQueue-0] (JRFillBand.java:154) - Origin {reportName: null, groupName: null,bandType: PAGE_HEADER} for band 225943866
2022-06-29 DEBUG [AWT-EventQueue-0] (JRFillBand.java:154) - Origin {reportName: null, groupName: null,bandType: COLUMN_HEADER} for band 2001653008
2022-06-29 DEBUG [AWT-EventQueue-0] (JRFillBand.java:154) - Origin {reportName: null, groupName: null,bandType: DETAIL} for band 1445794265
2022-06-29 DEBUG [AWT-EventQueue-0] (JRVerticalFiller.java:136) - Filler 1 - pageHeight: 842, columnFooterOffsetY: 822, lastPageColumnFooterOffsetY: 822
2022-06-29 DEBUG [AWT-EventQueue-0] (JRBaseFiller.java:911) - Fill 1: filling report
2022-06-29 DEBUG [AWT-EventQueue-0] (JRFillDataset.java:1107) - Fill 1: Creating sql query executer
2022-06-29 DEBUG [AWT-EventQueue-0] (JRJdbcQueryExecuter.java:254) - SQL query string: SELECT
     bill2.`nf` AS bill2_nf,
     bill2.`fecha` AS bill2_fecha,
     bill2.`pedido` AS bill2_pedido,
     bill2.`cliente_rnc` AS bill2_cliente_rnc,
     bill2.`nombre_cliente` AS bill2_nombre_cliente,
     bill2.`producto` AS bill2_producto,
     bill2.`desc_pro` AS bill2_desc_pro,
     bill2.`cantidad` AS bill2_cantidad,
     bill2.`precio` AS bill2_precio,
     bill2.`total_pedido` AS bill2_total_pedido,
     bill2.`descuento` AS bill2_descuento,
     bill2.`total_factura` AS bill2_total_factura,
     bill2.`nombrec` AS bill2_nombrec,
     bill2.`nocom` AS bill2_nocom
FROM
     `bill2` bill2

WHERE
     bill2.nf = ?
2022-06-29 DEBUG [AWT-EventQueue-0] (JRJdbcQueryExecuter.java:396) - Parameter #1 (factura of type java.lang.String): 53
2022-06-29 DEBUG [AWT-EventQueue-0] (JRBaseFiller.java:1857) - Fill 1: adding page 1
2022-06-29 DEBUG [AWT-EventQueue-0] (JRVerticalFiller.java:340) - Fill 1: title at 20
2022-06-29 DEBUG [AWT-EventQueue-0] (DeduplicableRegistry.java:85) - Added object net.sf.jasperreports.engine.fill.JRTemplateImage@3736e642
2022-06-29 DEBUG [AWT-EventQueue-0] (SimpleTextLineWrapper.java:303) - creating element font infos cache of size 2000
2022-06-29 DEBUG [AWT-EventQueue-0] (DeduplicableRegistry.java:85) - Added object net.sf.jasperreports.engine.fill.JRTemplateRectangle@6b82363
2022-06-29 DEBUG [AWT-EventQueue-0] (DeduplicableRegistry.java:85) - Added object net.sf.jasperreports.engine.fill.JRTemplateText@2ee813e5
2022-06-29 DEBUG [AWT-EventQueue-0] (DeduplicableRegistry.java:85) - Added object net.sf.jasperreports.engine.fill.JRTemplateText@324df338
2022-06-29 DEBUG [AWT-EventQueue-0] (DeduplicableRegistry.java:85) - Added object net.sf.jasperreports.engine.fill.JRTemplateText@70ba0126
2022-06-29 DEBUG [AWT-EventQueue-0] (DeduplicableRegistry.java:92) - Found existing instance net.sf.jasperreports.engine.fill.JRTemplateText@70ba0126 for object net.sf.jasperreports.engine.fill.JRTemplateText@1e38d25a
2022-06-29 DEBUG [AWT-EventQueue-0] (DeduplicableRegistry.java:92) - Found existing instance net.sf.jasperreports.engine.fill.JRTemplateText@324df338 for object net.sf.jasperreports.engine.fill.JRTemplateText@59101d36
2022-06-29 DEBUG [AWT-EventQueue-0] (DeduplicableRegistry.java:92) - Found existing instance net.sf.jasperreports.engine.fill.JRTemplateRectangle@6b82363 for object net.sf.jasperreports.engine.fill.JRTemplateRectangle@4b70718e
2022-06-29 DEBUG [AWT-EventQueue-0] (DeduplicableRegistry.java:92) - Found existing instance net.sf.jasperreports.engine.fill.JRTemplateText@70ba0126 for object net.sf.jasperreports.engine.fill.JRTemplateText@77363230
2022-06-29 DEBUG [AWT-EventQueue-0] (DeduplicableRegistry.java:85) - Added object net.sf.jasperreports.engine.fill.JRTemplateText@3ad8fbc9
2022-06-29 DEBUG [AWT-EventQueue-0] (JRFillTextField.java:438) - created net.sf.jasperreports.engine.fill.JRTemplateText@3ad8fbc9 for (null, {java.sql.Date, dd/MM/yy hh:mm a,null,null,null})
2022-06-29 DEBUG [AWT-EventQueue-0] (DeduplicableRegistry.java:92) - Found existing instance net.sf.jasperreports.engine.fill.JRTemplateText@324df338 for object net.sf.jasperreports.engine.fill.JRTemplateText@73173bd5
2022-06-29 DEBUG [AWT-EventQueue-0] (JRFillTextField.java:438) - created net.sf.jasperreports.engine.fill.JRTemplateText@324df338 for (null, null)
2022-06-29 DEBUG [AWT-EventQueue-0] (DeduplicableRegistry.java:85) - Added object net.sf.jasperreports.engine.fill.JRTemplateText@40483f50
2022-06-29 DEBUG [AWT-EventQueue-0] (JRFillTextField.java:438) - created net.sf.jasperreports.engine.fill.JRTemplateText@40483f50 for (null, null)
2022-06-29 DEBUG [AWT-EventQueue-0] (JRVerticalFiller.java:416) - Fill 1: page header at 161
2022-06-29 DEBUG [AWT-EventQueue-0] (DeduplicableRegistry.java:85) - Added object net.sf.jasperreports.engine.fill.JRTemplateRectangle@343663ae
2022-06-29 DEBUG [AWT-EventQueue-0] (DeduplicableRegistry.java:85) - Added object net.sf.jasperreports.engine.fill.JRTemplateText@5a43811f
2022-06-29 DEBUG [AWT-EventQueue-0] (DeduplicableRegistry.java:92) - Found existing instance net.sf.jasperreports.engine.fill.JRTemplateText@5a43811f for object net.sf.jasperreports.engine.fill.JRTemplateText@43b318f8
2022-06-29 DEBUG [AWT-EventQueue-0] (DeduplicableRegistry.java:92) - Found existing instance net.sf.jasperreports.engine.fill.JRTemplateText@5a43811f for object net.sf.jasperreports.engine.fill.JRTemplateText@46a4b81c
2022-06-29 DEBUG [AWT-EventQueue-0] (DeduplicableRegistry.java:92) - Found existing instance net.sf.jasperreports.engine.fill.JRTemplateText@5a43811f for object net.sf.jasperreports.engine.fill.JRTemplateText@20efc24e
2022-06-29 DEBUG [AWT-EventQueue-0] (DeduplicableRegistry.java:85) - Added object net.sf.jasperreports.engine.fill.JRTemplateText@fde7f11
2022-06-29 DEBUG [AWT-EventQueue-0] (JRFillTextField.java:438) - created net.sf.jasperreports.engine.fill.JRTemplateText@fde7f11 for (null, {java.lang.Integer, null,null,null,null})
2022-06-29 DEBUG [AWT-EventQueue-0] (DeduplicableRegistry.java:92) - Found existing instance net.sf.jasperreports.engine.fill.JRTemplateText@fde7f11 for object net.sf.jasperreports.engine.fill.JRTemplateText@fc4b2f5
2022-06-29 DEBUG [AWT-EventQueue-0] (JRFillTextField.java:438) - created net.sf.jasperreports.engine.fill.JRTemplateText@fde7f11 for (null, {java.lang.Integer, null,null,null,null})
2022-06-29 DEBUG [AWT-EventQueue-0] (DeduplicableRegistry.java:85) - Added object net.sf.jasperreports.engine.fill.JRTemplateText@377110a9
2022-06-29 DEBUG [AWT-EventQueue-0] (JRFillTextField.java:438) - created net.sf.jasperreports.engine.fill.JRTemplateText@377110a9 for (null, null)
2022-06-29 DEBUG [AWT-EventQueue-0] (DeduplicableRegistry.java:92) - Found existing instance net.sf.jasperreports.engine.fill.JRTemplateText@377110a9 for object net.sf.jasperreports.engine.fill.JRTemplateText@357c4b2
2022-06-29 DEBUG [AWT-EventQueue-0] (JRFillTextField.java:438) - created net.sf.jasperreports.engine.fill.JRTemplateText@377110a9 for (null, null)
2022-06-29 DEBUG [AWT-EventQueue-0] (JRVerticalFiller.java:495) - Fill 1: column header at 202
2022-06-29 DEBUG [AWT-EventQueue-0] (DeduplicableRegistry.java:85) - Added object net.sf.jasperreports.engine.fill.JRTemplateRectangle@4c14e151
2022-06-29 DEBUG [AWT-EventQueue-0] (DeduplicableRegistry.java:85) - Added object net.sf.jasperreports.engine.fill.JRTemplateText@405bf448
2022-06-29 DEBUG [AWT-EventQueue-0] (DeduplicableRegistry.java:92) - Found existing instance net.sf.jasperreports.engine.fill.JRTemplateText@405bf448 for object net.sf.jasperreports.engine.fill.JRTemplateText@278dd53f
2022-06-29 DEBUG [AWT-EventQueue-0] (DeduplicableRegistry.java:92) - Found existing instance net.sf.jasperreports.engine.fill.JRTemplateText@405bf448 for object net.sf.jasperreports.engine.fill.JRTemplateText@4dea9dab
2022-06-29 DEBUG [AWT-EventQueue-0] (DeduplicableRegistry.java:92) - Found existing instance net.sf.jasperreports.engine.fill.JRTemplateText@405bf448 for object net.sf.jasperreports.engine.fill.JRTemplateText@31656d0f
2022-06-29 DEBUG [AWT-EventQueue-0] (JRVerticalFiller.java:741) - Fill 1: detail at 234
2022-06-29 DEBUG [AWT-EventQueue-0] (DeduplicableRegistry.java:85) - Added object net.sf.jasperreports.engine.fill.JRTemplateRectangle@777e7757
2022-06-29 DEBUG [AWT-EventQueue-0] (DeduplicableRegistry.java:92) - Found existing instance net.sf.jasperreports.engine.fill.JRTemplateRectangle@777e7757 for object net.sf.jasperreports.engine.fill.JRTemplateRectangle@67009a97
2022-06-29 DEBUG [AWT-EventQueue-0] (DeduplicableRegistry.java:85) - Added object net.sf.jasperreports.engine.fill.JRTemplateText@61e13c3
2022-06-29 DEBUG [AWT-EventQueue-0] (DeduplicableRegistry.java:92) - Found existing instance net.sf.jasperreports.engine.fill.JRTemplateText@61e13c3 for object net.sf.jasperreports.engine.fill.JRTemplateText@31877a08
2022-06-29 DEBUG [AWT-EventQueue-0] (DeduplicableRegistry.java:92) - Found existing instance net.sf.jasperreports.engine.fill.JRTemplateText@61e13c3 for object net.sf.jasperreports.engine.fill.JRTemplateText@35f8b43
2022-06-29 DEBUG [AWT-EventQueue-0] (DeduplicableRegistry.java:85) - Added object net.sf.jasperreports.engine.fill.JRTemplateText@1152b18a
2022-06-29 DEBUG [AWT-EventQueue-0] (JRFillTextField.java:438) - created net.sf.jasperreports.engine.fill.JRTemplateText@1152b18a for (null, {java.lang.Float, USD #,##0.00,null,null,null})
2022-06-29 DEBUG [AWT-EventQueue-0] (DeduplicableRegistry.java:85) - Added object net.sf.jasperreports.engine.fill.JRTemplateText@43ba6546
2022-06-29 DEBUG [AWT-EventQueue-0] (JRFillTextField.java:438) - created net.sf.jasperreports.engine.fill.JRTemplateText@43ba6546 for (null, {java.lang.Integer, null,null,null,null})
2022-06-29 DEBUG [AWT-EventQueue-0] (DeduplicableRegistry.java:92) - Found existing instance net.sf.jasperreports.engine.fill.JRTemplateText@1152b18a for object net.sf.jasperreports.engine.fill.JRTemplateText@6c5e05d2
2022-06-29 DEBUG [AWT-EventQueue-0] (JRFillTextField.java:438) - created net.sf.jasperreports.engine.fill.JRTemplateText@1152b18a for (null, {java.lang.Float, USD #,##0.00,null,null,null})
2022-06-29 DEBUG [AWT-EventQueue-0] (DeduplicableRegistry.java:85) - Added object net.sf.jasperreports.engine.fill.JRTemplateText@6045a572
2022-06-29 DEBUG [AWT-EventQueue-0] (JRFillTextField.java:438) - created net.sf.jasperreports.engine.fill.JRTemplateText@6045a572 for (null, null)
2022-06-29 DEBUG [AWT-EventQueue-0] (DeduplicableRegistry.java:92) - Found existing instance net.sf.jasperreports.engine.fill.JRTemplateText@6045a572 for object net.sf.jasperreports.engine.fill.JRTemplateText@61e774e
2022-06-29 DEBUG [AWT-EventQueue-0] (JRFillTextField.java:438) - created net.sf.jasperreports.engine.fill.JRTemplateText@6045a572 for (null, null)
2022-06-29 DEBUG [AWT-EventQueue-0] (DeduplicableRegistry.java:85) - Added object net.sf.jasperreports.engine.fill.JRTemplateText@344e90f1
2022-06-29 DEBUG [AWT-EventQueue-0] (JRFillTextField.java:438) - created net.sf.jasperreports.engine.fill.JRTemplateText@344e90f1 for (null, {java.lang.Float, USD #,##0.00,null,null,null})
2022-06-29 DEBUG [AWT-EventQueue-0] (DeduplicableRegistry.java:85) - Added object net.sf.jasperreports.engine.fill.JRTemplateText@40b6515
2022-06-29 DEBUG [AWT-EventQueue-0] (JRFillTextField.java:438) - created net.sf.jasperreports.engine.fill.JRTemplateText@40b6515 for (null, {java.lang.Integer, null,null,null,null})
2022-06-29 DEBUG [AWT-EventQueue-0] (JRBaseFiller.java:973) - Fill 1: ended
2022-06-29 DEBUG [AWT-EventQueue-0] (JRFillDataset.java:1188) - Fill 1: closing query executer
2022-06-29 DEBUG [AWT-EventQueue-0] (ExtensionsEnvironment.java:78) - Instantiating extensions registry class net.sf.jasperreports.extensions.DefaultExtensionsRegistry
2022-06-29 DEBUG [AWT-EventQueue-0] (DefaultExtensionsRegistry.java:130) - Loading registries for cache key sun.misc.Launcher$AppClassLoader@7ea987ac
2022-06-29 DEBUG [AWT-EventQueue-0] (JRLoader.java:723) - Found resource jasperreports_extension.properties at jar:file:/C:/Users/Admin/Desktop/Libs/jasperreports-5.6.1.jar!/jasperreports_extension.properties in classloader sun.misc.Launcher$AppClassLoader@7ea987ac
2022-06-29 DEBUG [AWT-EventQueue-0] (DefaultExtensionsRegistry.java:158) - Loading JasperReports extension properties resource jar:file:/C:/Users/Admin/Desktop/Libs/jasperreports-5.6.1.jar!/jasperreports_extension.properties
2022-06-29 DEBUG [AWT-EventQueue-0] (DefaultExtensionsRegistry.java:208) - Instantiating registry of type net.sf.jasperreports.components.headertoolbar.HeaderToolbarParameterContributorExtensionFactory for property net.sf.jasperreports.extension.registry.factory.header.toolbar.parameter.contributor
2022-06-29 DEBUG [AWT-EventQueue-0] (DefaultExtensionsRegistry.java:233) - Instantiating extensions registry for header.toolbar.parameter.contributor using factory class net.sf.jasperreports.components.headertoolbar.HeaderToolbarParameterContributorExtensionFactory
2022-06-29 DEBUG [AWT-EventQueue-0] (DefaultExtensionsRegistry.java:208) - Instantiating registry of type net.sf.jasperreports.types.date.DateRangeQueryClauseExtensions for property net.sf.jasperreports.extension.registry.factory.date.range.clause.functions
2022-06-29 DEBUG [AWT-EventQueue-0] (DefaultExtensionsRegistry.java:233) - Instantiating extensions registry for date.range.clause.functions using factory class net.sf.jasperreports.types.date.DateRangeQueryClauseExtensions
2022-06-29 DEBUG [AWT-EventQueue-0] (DefaultExtensionsRegistry.java:208) - Instantiating registry of type net.sf.jasperreports.repo.DefaultRepositoryExtensionsRegistryFactory for property net.sf.jasperreports.extension.registry.factory.repository
2022-06-29 DEBUG [AWT-EventQueue-0] (DefaultExtensionsRegistry.java:233) - Instantiating extensions registry for repository using factory class net.sf.jasperreports.repo.DefaultRepositoryExtensionsRegistryFactory
2022-06-29 DEBUG [AWT-EventQueue-0] (DefaultExtensionsRegistry.java:208) - Instantiating registry of type net.sf.jasperreports.web.util.ContentTypeMappingExtensionsRegistryFactory for property net.sf.jasperreports.extension.registry.factory.content.type.mapping
2022-06-29 DEBUG [AWT-EventQueue-0] (DefaultExtensionsRegistry.java:233) - Instantiating extensions registry for content.type.mapping using factory class net.sf.jasperreports.web.util.ContentTypeMappingExtensionsRegistryFactory
2022-06-29 DEBUG [AWT-EventQueue-0] (DefaultExtensionsRegistry.java:208) - Instantiating registry of type net.sf.jasperreports.engine.fonts.SimpleFontExtensionsRegistryFactory for property net.sf.jasperreports.extension.registry.factory.simple.font.families
2022-06-29 DEBUG [AWT-EventQueue-0] (DefaultExtensionsRegistry.java:233) - Instantiating extensions registry for simple.font.families using factory class net.sf.jasperreports.engine.fonts.SimpleFontExtensionsRegistryFactory
2022-06-29 DEBUG [AWT-EventQueue-0] (DefaultExtensionsRegistry.java:208) - Instantiating registry of type net.sf.jasperreports.data.DefaultDataAdapterServiceExtensionsRegistryFactory for property net.sf.jasperreports.extension.registry.factory.data.adapter.services
2022-06-29 DEBUG [AWT-EventQueue-0] (DefaultExtensionsRegistry.java:233) - Instantiating extensions registry for data.adapter.services using factory class net.sf.jasperreports.data.DefaultDataAdapterServiceExtensionsRegistryFactory
2022-06-29 DEBUG [AWT-EventQueue-0] (DefaultExtensionsRegistry.java:208) - Instantiating registry of type net.sf.jasperreports.web.util.WebResourceHandlersExtensionRegistryFactory for property net.sf.jasperreports.extension.registry.factory.jive.web.resource.handlers
2022-06-29 DEBUG [AWT-EventQueue-0] (DefaultExtensionsRegistry.java:233) - Instantiating extensions registry for jive.web.resource.handlers using factory class net.sf.jasperreports.web.util.WebResourceHandlersExtensionRegistryFactory
2022-06-29 DEBUG [AWT-EventQueue-0] (DefaultExtensionsRegistry.java:208) - Instantiating registry of type net.sf.jasperreports.util.CastorMappingExtensionsRegistryFactory for property net.sf.jasperreports.extension.registry.factory.castor.mapping
2022-06-29 DEBUG [AWT-EventQueue-0] (DefaultExtensionsRegistry.java:233) - Instantiating extensions registry for castor.mapping using factory class net.sf.jasperreports.util.CastorMappingExtensionsRegistryFactory
2022-06-29 DEBUG [AWT-EventQueue-0] (DefaultExtensionsRegistry.java:208) - Instantiating registry of type net.sf.jasperreports.engine.export.MatcherExportFilterMappingExtensionsRegistryFactory for property net.sf.jasperreports.extension.registry.factory.matcher.exporter.filter.mapping
2022-06-29 DEBUG [AWT-EventQueue-0] (DefaultExtensionsRegistry.java:233) - Instantiating extensions registry for matcher.exporter.filter.mapping using factory class net.sf.jasperreports.engine.export.MatcherExportFilterMappingExtensionsRegistryFactory
2022-06-29 DEBUG [AWT-EventQueue-0] (DefaultExtensionsRegistry.java:208) - Instantiating registry of type net.sf.jasperreports.governors.GovernorExtensionsRegistryFactory for property net.sf.jasperreports.extension.registry.factory.governor
2022-06-29 DEBUG [AWT-EventQueue-0] (DefaultExtensionsRegistry.java:233) - Instantiating extensions registry for governor using factory class net.sf.jasperreports.governors.GovernorExtensionsRegistryFactory
2022-06-29 DEBUG [AWT-EventQueue-0] (DefaultExtensionsRegistry.java:208) - Instantiating registry of type net.sf.jasperreports.web.util.RequirejsModuleMappingExtensionsRegistryFactory for property net.sf.jasperreports.extension.registry.factory.requirejs.module.mapping
2022-06-29 DEBUG [AWT-EventQueue-0] (DefaultExtensionsRegistry.java:233) - Instantiating extensions registry for requirejs.module.mapping using factory class net.sf.jasperreports.web.util.RequirejsModuleMappingExtensionsRegistryFactory
2022-06-29 DEBUG [AWT-EventQueue-0] (DefaultExtensionsRegistry.java:208) - Instantiating registry of type net.sf.jasperreports.engine.query.SQLQueryClauseFunctionsExtensions for property net.sf.jasperreports.extension.registry.factory.sql.clause.functions
2022-06-29 DEBUG [AWT-EventQueue-0] (DefaultExtensionsRegistry.java:233) - Instantiating extensions registry for sql.clause.functions using factory class net.sf.jasperreports.engine.query.SQLQueryClauseFunctionsExtensions
2022-06-29 DEBUG [AWT-EventQueue-0] (DefaultExtensionsRegistry.java:208) - Instantiating registry of type net.sf.jasperreports.engine.style.PropertyStyleProviderExtensionFactory for property net.sf.jasperreports.extension.registry.factory.property.style.provider
2022-06-29 DEBUG [AWT-EventQueue-0] (DefaultExtensionsRegistry.java:233) - Instantiating extensions registry for property.style.provider using factory class net.sf.jasperreports.engine.style.PropertyStyleProviderExtensionFactory
2022-06-29 DEBUG [AWT-EventQueue-0] (DefaultExtensionsRegistry.java:208) - Instantiating registry of type net.sf.jasperreports.web.util.JacksonMappingExtensionsRegistryFactory for property net.sf.jasperreports.extension.registry.factory.jackson.mapping
2022-06-29 DEBUG [AWT-EventQueue-0] (DefaultExtensionsRegistry.java:233) - Instantiating extensions registry for jackson.mapping using factory class net.sf.jasperreports.web.util.JacksonMappingExtensionsRegistryFactory
2022-06-29 DEBUG [AWT-EventQueue-0] (DefaultExtensionsRegistry.java:208) - Instantiating registry of type net.sf.jasperreports.extensions.DefaultExtensionsRegistryFactory for property net.sf.jasperreports.extension.registry.factory.default
2022-06-29 DEBUG [AWT-EventQueue-0] (DefaultExtensionsRegistry.java:233) - Instantiating extensions registry for default using factory class net.sf.jasperreports.extensions.DefaultExtensionsRegistryFactory
2022-06-29 DEBUG [AWT-EventQueue-0] (DefaultExtensionsRegistry.java:208) - Instantiating registry of type net.sf.jasperreports.components.ComponentsExtensionsRegistryFactory for property net.sf.jasperreports.extension.registry.factory.components
2022-06-29 DEBUG [AWT-EventQueue-0] (DefaultExtensionsRegistry.java:233) - Instantiating extensions registry for components using factory class net.sf.jasperreports.components.ComponentsExtensionsRegistryFactory
2022-06-29 DEBUG [AWT-EventQueue-0] (DefaultExtensionsRegistry.java:208) - Instantiating registry of type net.sf.jasperreports.components.headertoolbar.HeaderToolbarConditionalStyleProviderExtensionFactory for property net.sf.jasperreports.extension.registry.factory.header.toolbar.style.provider
2022-06-29 DEBUG [AWT-EventQueue-0] (DefaultExtensionsRegistry.java:233) - Instantiating extensions registry for header.toolbar.style.provider using factory class net.sf.jasperreports.components.headertoolbar.HeaderToolbarConditionalStyleProviderExtensionFactory
2022-06-29 DEBUG [AWT-EventQueue-0] (JRBaseFiller.java:356) - Fill 1: created for null
2022-06-29 DEBUG [AWT-EventQueue-0] (JRFillBand.java:154) - Origin {reportName: null, groupName: null,bandType: BACKGROUND} for band 406878130
2022-06-29 DEBUG [AWT-EventQueue-0] (JRFillBand.java:154) - Origin {reportName: null, groupName: null,bandType: TITLE} for band 903067219
2022-06-29 DEBUG [AWT-EventQueue-0] (JRFillBand.java:154) - Origin {reportName: null, groupName: null,bandType: PAGE_HEADER} for band 1083093362
2022-06-29 DEBUG [AWT-EventQueue-0] (JRFillBand.java:154) - Origin {reportName: null, groupName: null,bandType: COLUMN_HEADER} for band 790429542
2022-06-29 DEBUG [AWT-EventQueue-0] (JRFillBand.java:154) - Origin {reportName: null, groupName: null,bandType: DETAIL} for band 797186407
2022-06-29 DEBUG [AWT-EventQueue-0] (JRVerticalFiller.java:136) - Filler 1 - pageHeight: 842, columnFooterOffsetY: 822, lastPageColumnFooterOffsetY: 822
2022-06-29 DEBUG [AWT-EventQueue-0] (JRBaseFiller.java:911) - Fill 1: filling report
2022-06-29 DEBUG [AWT-EventQueue-0] (JRFillDataset.java:1107) - Fill 1: Creating sql query executer
2022-06-29 DEBUG [AWT-EventQueue-0] (JRJdbcQueryExecuter.java:254) - SQL query string: SELECT
     bill2.`nf` AS bill2_nf,
     bill2.`fecha` AS bill2_fecha,
     bill2.`pedido` AS bill2_pedido,
     bill2.`cliente_rnc` AS bill2_cliente_rnc,
     bill2.`nombre_cliente` AS bill2_nombre_cliente,
     bill2.`producto` AS bill2_producto,
     bill2.`desc_pro` AS bill2_desc_pro,
     bill2.`cantidad` AS bill2_cantidad,
     bill2.`precio` AS bill2_precio,
     bill2.`total_pedido` AS bill2_total_pedido,
     bill2.`descuento` AS bill2_descuento,
     bill2.`total_factura` AS bill2_total_factura,
     bill2.`nombrec` AS bill2_nombrec,
     bill2.`nocom` AS bill2_nocom
FROM
     `bill2` bill2

WHERE
     bill2.nf = ?
2022-06-29 DEBUG [AWT-EventQueue-0] (JRJdbcQueryExecuter.java:396) - Parameter #1 (factura of type java.lang.String): 53
2022-06-29 DEBUG [AWT-EventQueue-0] (JRBaseFiller.java:1857) - Fill 1: adding page 1
2022-06-29 DEBUG [AWT-EventQueue-0] (JRVerticalFiller.java:340) - Fill 1: title at 20
2022-06-29 DEBUG [AWT-EventQueue-0] (DeduplicableRegistry.java:85) - Added object net.sf.jasperreports.engine.fill.JRTemplateImage@23bc28b0
2022-06-29 DEBUG [AWT-EventQueue-0] (SimpleTextLineWrapper.java:303) - creating element font infos cache of size 2000
2022-06-29 DEBUG [AWT-EventQueue-0] (DeduplicableRegistry.java:85) - Added object net.sf.jasperreports.engine.fill.JRTemplateRectangle@2193dd32
2022-06-29 DEBUG [AWT-EventQueue-0] (DeduplicableRegistry.java:85) - Added object net.sf.jasperreports.engine.fill.JRTemplateText@703287e2
2022-06-29 DEBUG [AWT-EventQueue-0] (DeduplicableRegistry.java:85) - Added object net.sf.jasperreports.engine.fill.JRTemplateText@2f2f58e8
2022-06-29 DEBUG [AWT-EventQueue-0] (DeduplicableRegistry.java:85) - Added object net.sf.jasperreports.engine.fill.JRTemplateText@74e8fa1c
2022-06-29 DEBUG [AWT-EventQueue-0] (DeduplicableRegistry.java:92) - Found existing instance net.sf.jasperreports.engine.fill.JRTemplateText@74e8fa1c for object net.sf.jasperreports.engine.fill.JRTemplateText@67f01581
2022-06-29 DEBUG [AWT-EventQueue-0] (DeduplicableRegistry.java:92) - Found existing instance net.sf.jasperreports.engine.fill.JRTemplateText@2f2f58e8 for object net.sf.jasperreports.engine.fill.JRTemplateText@43312d37
2022-06-29 DEBUG [AWT-EventQueue-0] (DeduplicableRegistry.java:92) - Found existing instance net.sf.jasperreports.engine.fill.JRTemplateRectangle@2193dd32 for object net.sf.jasperreports.engine.fill.JRTemplateRectangle@79039001
2022-06-29 DEBUG [AWT-EventQueue-0] (DeduplicableRegistry.java:92) - Found existing instance net.sf.jasperreports.engine.fill.JRTemplateText@74e8fa1c for object net.sf.jasperreports.engine.fill.JRTemplateText@1302cbb6
2022-06-29 DEBUG [AWT-EventQueue-0] (DeduplicableRegistry.java:85) - Added object net.sf.jasperreports.engine.fill.JRTemplateText@2e966379
2022-06-29 DEBUG [AWT-EventQueue-0] (JRFillTextField.java:438) - created net.sf.jasperreports.engine.fill.JRTemplateText@2e966379 for (null, {java.sql.Date, dd/MM/yy hh:mm a,null,null,null})
2022-06-29 DEBUG [AWT-EventQueue-0] (DeduplicableRegistry.java:92) - Found existing instance net.sf.jasperreports.engine.fill.JRTemplateText@2f2f58e8 for object net.sf.jasperreports.engine.fill.JRTemplateText@3ad8fbc9
2022-06-29 DEBUG [AWT-EventQueue-0] (JRFillTextField.java:438) - created net.sf.jasperreports.engine.fill.JRTemplateText@2f2f58e8 for (null, null)
2022-06-29 DEBUG [AWT-EventQueue-0] (DeduplicableRegistry.java:85) - Added object net.sf.jasperreports.engine.fill.JRTemplateText@73173bd5
2022-06-29 DEBUG [AWT-EventQueue-0] (JRFillTextField.java:438) - created net.sf.jasperreports.engine.fill.JRTemplateText@73173bd5 for (null, null)
2022-06-29 DEBUG [AWT-EventQueue-0] (JRVerticalFiller.java:416) - Fill 1: page header at 161
2022-06-29 DEBUG [AWT-EventQueue-0] (DeduplicableRegistry.java:85) - Added object net.sf.jasperreports.engine.fill.JRTemplateRectangle@acb7d1f
2022-06-29 DEBUG [AWT-EventQueue-0] (DeduplicableRegistry.java:85) - Added object net.sf.jasperreports.engine.fill.JRTemplateText@350578e1
2022-06-29 DEBUG [AWT-EventQueue-0] (DeduplicableRegistry.java:92) - Found existing instance net.sf.jasperreports.engine.fill.JRTemplateText@350578e1 for object net.sf.jasperreports.engine.fill.JRTemplateText@65c4c3b2
2022-06-29 DEBUG [AWT-EventQueue-0] (DeduplicableRegistry.java:92) - Found existing instance net.sf.jasperreports.engine.fill.JRTemplateText@350578e1 for object net.sf.jasperreports.engine.fill.JRTemplateText@441f38c6
2022-06-29 DEBUG [AWT-EventQueue-0] (DeduplicableRegistry.java:92) - Found existing instance net.sf.jasperreports.engine.fill.JRTemplateText@350578e1 for object net.sf.jasperreports.engine.fill.JRTemplateText@a99a6f
2022-06-29 DEBUG [AWT-EventQueue-0] (DeduplicableRegistry.java:85) - Added object net.sf.jasperreports.engine.fill.JRTemplateText@7b407106
2022-06-29 DEBUG [AWT-EventQueue-0] (JRFillTextField.java:438) - created net.sf.jasperreports.engine.fill.JRTemplateText@7b407106 for (null, {java.lang.Integer, null,null,null,null})
2022-06-29 DEBUG [AWT-EventQueue-0] (DeduplicableRegistry.java:92) - Found existing instance net.sf.jasperreports.engine.fill.JRTemplateText@7b407106 for object net.sf.jasperreports.engine.fill.JRTemplateText@fde7f11
2022-06-29 DEBUG [AWT-EventQueue-0] (JRFillTextField.java:438) - created net.sf.jasperreports.engine.fill.JRTemplateText@7b407106 for (null, {java.lang.Integer, null,null,null,null})
2022-06-29 DEBUG [AWT-EventQueue-0] (DeduplicableRegistry.java:85) - Added object net.sf.jasperreports.engine.fill.JRTemplateText@fc4b2f5
2022-06-29 DEBUG [AWT-EventQueue-0] (JRFillTextField.java:438) - created net.sf.jasperreports.engine.fill.JRTemplateText@fc4b2f5 for (null, null)
2022-06-29 DEBUG [AWT-EventQueue-0] (DeduplicableRegistry.java:92) - Found existing instance net.sf.jasperreports.engine.fill.JRTemplateText@fc4b2f5 for object net.sf.jasperreports.engine.fill.JRTemplateText@377110a9
2022-06-29 DEBUG [AWT-EventQueue-0] (JRFillTextField.java:438) - created net.sf.jasperreports.engine.fill.JRTemplateText@fc4b2f5 for (null, null)
2022-06-29 DEBUG [AWT-EventQueue-0] (JRVerticalFiller.java:495) - Fill 1: column header at 202
2022-06-29 DEBUG [AWT-EventQueue-0] (DeduplicableRegistry.java:85) - Added object net.sf.jasperreports.engine.fill.JRTemplateRectangle@3c1c7829
2022-06-29 DEBUG [AWT-EventQueue-0] (DeduplicableRegistry.java:85) - Added object net.sf.jasperreports.engine.fill.JRTemplateText@715bd99c
2022-06-29 DEBUG [AWT-EventQueue-0] (DeduplicableRegistry.java:92) - Found existing instance net.sf.jasperreports.engine.fill.JRTemplateText@715bd99c for object net.sf.jasperreports.engine.fill.JRTemplateText@405bf448
2022-06-29 DEBUG [AWT-EventQueue-0] (DeduplicableRegistry.java:92) - Found existing instance net.sf.jasperreports.engine.fill.JRTemplateText@715bd99c for object net.sf.jasperreports.engine.fill.JRTemplateText@4962822
2022-06-29 DEBUG [AWT-EventQueue-0] (DeduplicableRegistry.java:92) - Found existing instance net.sf.jasperreports.engine.fill.JRTemplateText@715bd99c for object net.sf.jasperreports.engine.fill.JRTemplateText@38eb8c32
2022-06-29 DEBUG [AWT-EventQueue-0] (JRVerticalFiller.java:741) - Fill 1: detail at 234
2022-06-29 DEBUG [AWT-EventQueue-0] (DeduplicableRegistry.java:85) - Added object net.sf.jasperreports.engine.fill.JRTemplateRectangle@31656d0f
2022-06-29 DEBUG [AWT-EventQueue-0] (DeduplicableRegistry.java:92) - Found existing instance net.sf.jasperreports.engine.fill.JRTemplateRectangle@31656d0f for object net.sf.jasperreports.engine.fill.JRTemplateRectangle@4c9535d2
2022-06-29 DEBUG [AWT-EventQueue-0] (DeduplicableRegistry.java:85) - Added object net.sf.jasperreports.engine.fill.JRTemplateText@6d6971a2
2022-06-29 DEBUG [AWT-EventQueue-0] (DeduplicableRegistry.java:92) - Found existing instance net.sf.jasperreports.engine.fill.JRTemplateText@6d6971a2 for object net.sf.jasperreports.engine.fill.JRTemplateText@61e13c3
2022-06-29 DEBUG [AWT-EventQueue-0] (DeduplicableRegistry.java:92) - Found existing instance net.sf.jasperreports.engine.fill.JRTemplateText@6d6971a2 for object net.sf.jasperreports.engine.fill.JRTemplateText@436b747d
2022-06-29 DEBUG [AWT-EventQueue-0] (DeduplicableRegistry.java:85) - Added object net.sf.jasperreports.engine.fill.JRTemplateText@47f1e7f0
2022-06-29 DEBUG [AWT-EventQueue-0] (JRFillTextField.java:438) - created net.sf.jasperreports.engine.fill.JRTemplateText@47f1e7f0 for (null, {java.lang.Float, USD #,##0.00,null,null,null})
2022-06-29 DEBUG [AWT-EventQueue-0] (DeduplicableRegistry.java:85) - Added object net.sf.jasperreports.engine.fill.JRTemplateText@1152b18a
2022-06-29 DEBUG [AWT-EventQueue-0] (JRFillTextField.java:438) - created net.sf.jasperreports.engine.fill.JRTemplateText@1152b18a for (null, {java.lang.Integer, null,null,null,null})
2022-06-29 DEBUG [AWT-EventQueue-0] (DeduplicableRegistry.java:92) - Found existing instance net.sf.jasperreports.engine.fill.JRTemplateText@47f1e7f0 for object net.sf.jasperreports.engine.fill.JRTemplateText@43ba6546
2022-06-29 DEBUG [AWT-EventQueue-0] (JRFillTextField.java:438) - created net.sf.jasperreports.engine.fill.JRTemplateText@47f1e7f0 for (null, {java.lang.Float, USD #,##0.00,null,null,null})
2022-06-29 DEBUG [AWT-EventQueue-0] (DeduplicableRegistry.java:85) - Added object net.sf.jasperreports.engine.fill.JRTemplateText@6c5e05d2
2022-06-29 DEBUG [AWT-EventQueue-0] (JRFillTextField.java:438) - created net.sf.jasperreports.engine.fill.JRTemplateText@6c5e05d2 for (null, null)
2022-06-29 DEBUG [AWT-EventQueue-0] (DeduplicableRegistry.java:92) - Found existing instance net.sf.jasperreports.engine.fill.JRTemplateText@6c5e05d2 for object net.sf.jasperreports.engine.fill.JRTemplateText@6045a572
2022-06-29 DEBUG [AWT-EventQueue-0] (JRFillTextField.java:438) - created net.sf.jasperreports.engine.fill.JRTemplateText@6c5e05d2 for (null, null)
2022-06-29 DEBUG [AWT-EventQueue-0] (DeduplicableRegistry.java:85) - Added object net.sf.jasperreports.engine.fill.JRTemplateText@61e774e
2022-06-29 DEBUG [AWT-EventQueue-0] (JRFillTextField.java:438) - created net.sf.jasperreports.engine.fill.JRTemplateText@61e774e for (null, {java.lang.Float, USD #,##0.00,null,null,null})
2022-06-29 DEBUG [AWT-EventQueue-0] (DeduplicableRegistry.java:85) - Added object net.sf.jasperreports.engine.fill.JRTemplateText@344e90f1
2022-06-29 DEBUG [AWT-EventQueue-0] (JRFillTextField.java:438) - created net.sf.jasperreports.engine.fill.JRTemplateText@344e90f1 for (null, {java.lang.Integer, null,null,null,null})
2022-06-29 DEBUG [AWT-EventQueue-0] (JRBaseFiller.java:973) - Fill 1: ended
2022-06-29 DEBUG [AWT-EventQueue-0] (JRFillDataset.java:1188) - Fill 1: closing query executer
2022-06-29 DEBUG [AWT-EventQueue-0] (ExtensionsEnvironment.java:78) - Instantiating extensions registry class net.sf.jasperreports.extensions.DefaultExtensionsRegistry
2022-06-29 DEBUG [AWT-EventQueue-0] (DefaultExtensionsRegistry.java:130) - Loading registries for cache key sun.misc.Launcher$AppClassLoader@7ea987ac
2022-06-29 DEBUG [AWT-EventQueue-0] (JRLoader.java:723) - Found resource jasperreports_extension.properties at jar:file:/C:/Users/Admin/Desktop/Libs/jasperreports-5.6.1.jar!/jasperreports_extension.properties in classloader sun.misc.Launcher$AppClassLoader@7ea987ac
2022-06-29 DEBUG [AWT-EventQueue-0] (DefaultExtensionsRegistry.java:158) - Loading JasperReports extension properties resource jar:file:/C:/Users/Admin/Desktop/Libs/jasperreports-5.6.1.jar!/jasperreports_extension.properties
2022-06-29 DEBUG [AWT-EventQueue-0] (DefaultExtensionsRegistry.java:208) - Instantiating registry of type net.sf.jasperreports.components.headertoolbar.HeaderToolbarParameterContributorExtensionFactory for property net.sf.jasperreports.extension.registry.factory.header.toolbar.parameter.contributor
2022-06-29 DEBUG [AWT-EventQueue-0] (DefaultExtensionsRegistry.java:233) - Instantiating extensions registry for header.toolbar.parameter.contributor using factory class net.sf.jasperreports.components.headertoolbar.HeaderToolbarParameterContributorExtensionFactory
2022-06-29 DEBUG [AWT-EventQueue-0] (DefaultExtensionsRegistry.java:208) - Instantiating registry of type net.sf.jasperreports.types.date.DateRangeQueryClauseExtensions for property net.sf.jasperreports.extension.registry.factory.date.range.clause.functions
2022-06-29 DEBUG [AWT-EventQueue-0] (DefaultExtensionsRegistry.java:233) - Instantiating extensions registry for date.range.clause.functions using factory class net.sf.jasperreports.types.date.DateRangeQueryClauseExtensions
2022-06-29 DEBUG [AWT-EventQueue-0] (DefaultExtensionsRegistry.java:208) - Instantiating registry of type net.sf.jasperreports.repo.DefaultRepositoryExtensionsRegistryFactory for property net.sf.jasperreports.extension.registry.factory.repository
2022-06-29 DEBUG [AWT-EventQueue-0] (DefaultExtensionsRegistry.java:233) - Instantiating extensions registry for repository using factory class net.sf.jasperreports.repo.DefaultRepositoryExtensionsRegistryFactory
2022-06-29 DEBUG [AWT-EventQueue-0] (DefaultExtensionsRegistry.java:208) - Instantiating registry of type net.sf.jasperreports.web.util.ContentTypeMappingExtensionsRegistryFactory for property net.sf.jasperreports.extension.registry.factory.content.type.mapping
2022-06-29 DEBUG [AWT-EventQueue-0] (DefaultExtensionsRegistry.java:233) - Instantiating extensions registry for content.type.mapping using factory class net.sf.jasperreports.web.util.ContentTypeMappingExtensionsRegistryFactory
2022-06-29 DEBUG [AWT-EventQueue-0] (DefaultExtensionsRegistry.java:208) - Instantiating registry of type net.sf.jasperreports.engine.fonts.SimpleFontExtensionsRegistryFactory for property net.sf.jasperreports.extension.registry.factory.simple.font.families
2022-06-29 DEBUG [AWT-EventQueue-0] (DefaultExtensionsRegistry.java:233) - Instantiating extensions registry for simple.font.families using factory class net.sf.jasperreports.engine.fonts.SimpleFontExtensionsRegistryFactory
2022-06-29 DEBUG [AWT-EventQueue-0] (DefaultExtensionsRegistry.java:208) - Instantiating registry of type net.sf.jasperreports.data.DefaultDataAdapterServiceExtensionsRegistryFactory for property net.sf.jasperreports.extension.registry.factory.data.adapter.services
2022-06-29 DEBUG [AWT-EventQueue-0] (DefaultExtensionsRegistry.java:233) - Instantiating extensions registry for data.adapter.services using factory class net.sf.jasperreports.data.DefaultDataAdapterServiceExtensionsRegistryFactory
2022-06-29 DEBUG [AWT-EventQueue-0] (DefaultExtensionsRegistry.java:208) - Instantiating registry of type net.sf.jasperreports.web.util.WebResourceHandlersExtensionRegistryFactory for property net.sf.jasperreports.extension.registry.factory.jive.web.resource.handlers
2022-06-29 DEBUG [AWT-EventQueue-0] (DefaultExtensionsRegistry.java:233) - Instantiating extensions registry for jive.web.resource.handlers using factory class net.sf.jasperreports.web.util.WebResourceHandlersExtensionRegistryFactory
2022-06-29 DEBUG [AWT-EventQueue-0] (DefaultExtensionsRegistry.java:208) - Instantiating registry of type net.sf.jasperreports.util.CastorMappingExtensionsRegistryFactory for property net.sf.jasperreports.extension.registry.factory.castor.mapping
2022-06-29 DEBUG [AWT-EventQueue-0] (DefaultExtensionsRegistry.java:233) - Instantiating extensions registry for castor.mapping using factory class net.sf.jasperreports.util.CastorMappingExtensionsRegistryFactory
2022-06-29 DEBUG [AWT-EventQueue-0] (DefaultExtensionsRegistry.java:208) - Instantiating registry of type net.sf.jasperreports.engine.export.MatcherExportFilterMappingExtensionsRegistryFactory for property net.sf.jasperreports.extension.registry.factory.matcher.exporter.filter.mapping
2022-06-29 DEBUG [AWT-EventQueue-0] (DefaultExtensionsRegistry.java:233) - Instantiating extensions registry for matcher.exporter.filter.mapping using factory class net.sf.jasperreports.engine.export.MatcherExportFilterMappingExtensionsRegistryFactory
2022-06-29 DEBUG [AWT-EventQueue-0] (DefaultExtensionsRegistry.java:208) - Instantiating registry of type net.sf.jasperreports.governors.GovernorExtensionsRegistryFactory for property net.sf.jasperreports.extension.registry.factory.governor
2022-06-29 DEBUG [AWT-EventQueue-0] (DefaultExtensionsRegistry.java:233) - Instantiating extensions registry for governor using factory class net.sf.jasperreports.governors.GovernorExtensionsRegistryFactory
2022-06-29 DEBUG [AWT-EventQueue-0] (DefaultExtensionsRegistry.java:208) - Instantiating registry of type net.sf.jasperreports.web.util.RequirejsModuleMappingExtensionsRegistryFactory for property net.sf.jasperreports.extension.registry.factory.requirejs.module.mapping
2022-06-29 DEBUG [AWT-EventQueue-0] (DefaultExtensionsRegistry.java:233) - Instantiating extensions registry for requirejs.module.mapping using factory class net.sf.jasperreports.web.util.RequirejsModuleMappingExtensionsRegistryFactory
2022-06-29 DEBUG [AWT-EventQueue-0] (DefaultExtensionsRegistry.java:208) - Instantiating registry of type net.sf.jasperreports.engine.query.SQLQueryClauseFunctionsExtensions for property net.sf.jasperreports.extension.registry.factory.sql.clause.functions
2022-06-29 DEBUG [AWT-EventQueue-0] (DefaultExtensionsRegistry.java:233) - Instantiating extensions registry for sql.clause.functions using factory class net.sf.jasperreports.engine.query.SQLQueryClauseFunctionsExtensions
2022-06-29 DEBUG [AWT-EventQueue-0] (DefaultExtensionsRegistry.java:208) - Instantiating registry of type net.sf.jasperreports.engine.style.PropertyStyleProviderExtensionFactory for property net.sf.jasperreports.extension.registry.factory.property.style.provider
2022-06-29 DEBUG [AWT-EventQueue-0] (DefaultExtensionsRegistry.java:233) - Instantiating extensions registry for property.style.provider using factory class net.sf.jasperreports.engine.style.PropertyStyleProviderExtensionFactory
2022-06-29 DEBUG [AWT-EventQueue-0] (DefaultExtensionsRegistry.java:208) - Instantiating registry of type net.sf.jasperreports.web.util.JacksonMappingExtensionsRegistryFactory for property net.sf.jasperreports.extension.registry.factory.jackson.mapping
2022-06-29 DEBUG [AWT-EventQueue-0] (DefaultExtensionsRegistry.java:233) - Instantiating extensions registry for jackson.mapping using factory class net.sf.jasperreports.web.util.JacksonMappingExtensionsRegistryFactory
2022-06-29 DEBUG [AWT-EventQueue-0] (DefaultExtensionsRegistry.java:208) - Instantiating registry of type net.sf.jasperreports.extensions.DefaultExtensionsRegistryFactory for property net.sf.jasperreports.extension.registry.factory.default
2022-06-29 DEBUG [AWT-EventQueue-0] (DefaultExtensionsRegistry.java:233) - Instantiating extensions registry for default using factory class net.sf.jasperreports.extensions.DefaultExtensionsRegistryFactory
2022-06-29 DEBUG [AWT-EventQueue-0] (DefaultExtensionsRegistry.java:208) - Instantiating registry of type net.sf.jasperreports.components.ComponentsExtensionsRegistryFactory for property net.sf.jasperreports.extension.registry.factory.components
2022-06-29 DEBUG [AWT-EventQueue-0] (DefaultExtensionsRegistry.java:233) - Instantiating extensions registry for components using factory class net.sf.jasperreports.components.ComponentsExtensionsRegistryFactory
2022-06-29 DEBUG [AWT-EventQueue-0] (DefaultExtensionsRegistry.java:208) - Instantiating registry of type net.sf.jasperreports.components.headertoolbar.HeaderToolbarConditionalStyleProviderExtensionFactory for property net.sf.jasperreports.extension.registry.factory.header.toolbar.style.provider
2022-06-29 DEBUG [AWT-EventQueue-0] (DefaultExtensionsRegistry.java:233) - Instantiating extensions registry for header.toolbar.style.provider using factory class net.sf.jasperreports.components.headertoolbar.HeaderToolbarConditionalStyleProviderExtensionFactory
2022-06-29 DEBUG [AWT-EventQueue-0] (JRBaseFiller.java:356) - Fill 1: created for null
2022-06-29 DEBUG [AWT-EventQueue-0] (JRFillBand.java:154) - Origin {reportName: null, groupName: null,bandType: BACKGROUND} for band 95348828
2022-06-29 DEBUG [AWT-EventQueue-0] (JRFillBand.java:154) - Origin {reportName: null, groupName: null,bandType: TITLE} for band 1945123007
2022-06-29 DEBUG [AWT-EventQueue-0] (JRFillBand.java:154) - Origin {reportName: null, groupName: null,bandType: PAGE_HEADER} for band 761400700
2022-06-29 DEBUG [AWT-EventQueue-0] (JRFillBand.java:154) - Origin {reportName: null, groupName: null,bandType: COLUMN_HEADER} for band 764324469
2022-06-29 DEBUG [AWT-EventQueue-0] (JRFillBand.java:154) - Origin {reportName: null, groupName: null,bandType: DETAIL} for band 1362884250
2022-06-29 DEBUG [AWT-EventQueue-0] (JRVerticalFiller.java:136) - Filler 1 - pageHeight: 842, columnFooterOffsetY: 822, lastPageColumnFooterOffsetY: 822
2022-06-29 DEBUG [AWT-EventQueue-0] (JRBaseFiller.java:911) - Fill 1: filling report
2022-06-29 DEBUG [AWT-EventQueue-0] (JRFillDataset.java:1107) - Fill 1: Creating sql query executer
2022-06-29 DEBUG [AWT-EventQueue-0] (JRJdbcQueryExecuter.java:254) - SQL query string: SELECT
     bill2.`nf` AS nf,
     bill2.`fecha` AS fecha,
     bill2.`pedido` AS pedido,
     bill2.`cliente_rnc` AS rnc,
     bill2.`nombre_cliente` AS cliente,
     bill2.`producto` AS prod,
     bill2.`cantidad` AS cant,
     bill2.`precio` AS precio,
     bill2.`total_pedido` AS tpedido,
     bill2.`descuento` AS descu,
     bill2.`total_factura` AS tf,
     bill2.`comprobante` AS comp,
     bill2.`nombrec` AS bill2_nombrec,
 bill2.desc_pro AS descr
FROM
     `bill2` bill2
WHERE
     bill2.nf = ?
2022-06-29 DEBUG [AWT-EventQueue-0] (JRJdbcQueryExecuter.java:396) - Parameter #1 (factura of type java.lang.String): 53
2022-06-29 DEBUG [AWT-EventQueue-0] (JRFillDataset.java:1188) - Fill 1: closing query executer
2022-06-29 DEBUG [AWT-EventQueue-0] (ExtensionsEnvironment.java:78) - Instantiating extensions registry class net.sf.jasperreports.extensions.DefaultExtensionsRegistry
2022-06-29 DEBUG [AWT-EventQueue-0] (DefaultExtensionsRegistry.java:130) - Loading registries for cache key sun.misc.Launcher$AppClassLoader@7ea987ac
2022-06-29 DEBUG [AWT-EventQueue-0] (JRLoader.java:723) - Found resource jasperreports_extension.properties at jar:file:/C:/Users/Admin/Desktop/Libs/jasperreports-5.6.1.jar!/jasperreports_extension.properties in classloader sun.misc.Launcher$AppClassLoader@7ea987ac
2022-06-29 DEBUG [AWT-EventQueue-0] (DefaultExtensionsRegistry.java:158) - Loading JasperReports extension properties resource jar:file:/C:/Users/Admin/Desktop/Libs/jasperreports-5.6.1.jar!/jasperreports_extension.properties
2022-06-29 DEBUG [AWT-EventQueue-0] (DefaultExtensionsRegistry.java:208) - Instantiating registry of type net.sf.jasperreports.components.headertoolbar.HeaderToolbarParameterContributorExtensionFactory for property net.sf.jasperreports.extension.registry.factory.header.toolbar.parameter.contributor
2022-06-29 DEBUG [AWT-EventQueue-0] (DefaultExtensionsRegistry.java:233) - Instantiating extensions registry for header.toolbar.parameter.contributor using factory class net.sf.jasperreports.components.headertoolbar.HeaderToolbarParameterContributorExtensionFactory
2022-06-29 DEBUG [AWT-EventQueue-0] (DefaultExtensionsRegistry.java:208) - Instantiating registry of type net.sf.jasperreports.types.date.DateRangeQueryClauseExtensions for property net.sf.jasperreports.extension.registry.factory.date.range.clause.functions
2022-06-29 DEBUG [AWT-EventQueue-0] (DefaultExtensionsRegistry.java:233) - Instantiating extensions registry for date.range.clause.functions using factory class net.sf.jasperreports.types.date.DateRangeQueryClauseExtensions
2022-06-29 DEBUG [AWT-EventQueue-0] (DefaultExtensionsRegistry.java:208) - Instantiating registry of type net.sf.jasperreports.repo.DefaultRepositoryExtensionsRegistryFactory for property net.sf.jasperreports.extension.registry.factory.repository
2022-06-29 DEBUG [AWT-EventQueue-0] (DefaultExtensionsRegistry.java:233) - Instantiating extensions registry for repository using factory class net.sf.jasperreports.repo.DefaultRepositoryExtensionsRegistryFactory
2022-06-29 DEBUG [AWT-EventQueue-0] (DefaultExtensionsRegistry.java:208) - Instantiating registry of type net.sf.jasperreports.web.util.ContentTypeMappingExtensionsRegistryFactory for property net.sf.jasperreports.extension.registry.factory.content.type.mapping
2022-06-29 DEBUG [AWT-EventQueue-0] (DefaultExtensionsRegistry.java:233) - Instantiating extensions registry for content.type.mapping using factory class net.sf.jasperreports.web.util.ContentTypeMappingExtensionsRegistryFactory
2022-06-29 DEBUG [AWT-EventQueue-0] (DefaultExtensionsRegistry.java:208) - Instantiating registry of type net.sf.jasperreports.engine.fonts.SimpleFontExtensionsRegistryFactory for property net.sf.jasperreports.extension.registry.factory.simple.font.families
2022-06-29 DEBUG [AWT-EventQueue-0] (DefaultExtensionsRegistry.java:233) - Instantiating extensions registry for simple.font.families using factory class net.sf.jasperreports.engine.fonts.SimpleFontExtensionsRegistryFactory
2022-06-29 DEBUG [AWT-EventQueue-0] (DefaultExtensionsRegistry.java:208) - Instantiating registry of type net.sf.jasperreports.data.DefaultDataAdapterServiceExtensionsRegistryFactory for property net.sf.jasperreports.extension.registry.factory.data.adapter.services
2022-06-29 DEBUG [AWT-EventQueue-0] (DefaultExtensionsRegistry.java:233) - Instantiating extensions registry for data.adapter.services using factory class net.sf.jasperreports.data.DefaultDataAdapterServiceExtensionsRegistryFactory
2022-06-29 DEBUG [AWT-EventQueue-0] (DefaultExtensionsRegistry.java:208) - Instantiating registry of type net.sf.jasperreports.web.util.WebResourceHandlersExtensionRegistryFactory for property net.sf.jasperreports.extension.registry.factory.jive.web.resource.handlers
2022-06-29 DEBUG [AWT-EventQueue-0] (DefaultExtensionsRegistry.java:233) - Instantiating extensions registry for jive.web.resource.handlers using factory class net.sf.jasperreports.web.util.WebResourceHandlersExtensionRegistryFactory
2022-06-29 DEBUG [AWT-EventQueue-0] (DefaultExtensionsRegistry.java:208) - Instantiating registry of type net.sf.jasperreports.util.CastorMappingExtensionsRegistryFactory for property net.sf.jasperreports.extension.registry.factory.castor.mapping
2022-06-29 DEBUG [AWT-EventQueue-0] (DefaultExtensionsRegistry.java:233) - Instantiating extensions registry for castor.mapping using factory class net.sf.jasperreports.util.CastorMappingExtensionsRegistryFactory
2022-06-29 DEBUG [AWT-EventQueue-0] (DefaultExtensionsRegistry.java:208) - Instantiating registry of type net.sf.jasperreports.engine.export.MatcherExportFilterMappingExtensionsRegistryFactory for property net.sf.jasperreports.extension.registry.factory.matcher.exporter.filter.mapping
2022-06-29 DEBUG [AWT-EventQueue-0] (DefaultExtensionsRegistry.java:233) - Instantiating extensions registry for matcher.exporter.filter.mapping using factory class net.sf.jasperreports.engine.export.MatcherExportFilterMappingExtensionsRegistryFactory
2022-06-29 DEBUG [AWT-EventQueue-0] (DefaultExtensionsRegistry.java:208) - Instantiating registry of type net.sf.jasperreports.governors.GovernorExtensionsRegistryFactory for property net.sf.jasperreports.extension.registry.factory.governor
2022-06-29 DEBUG [AWT-EventQueue-0] (DefaultExtensionsRegistry.java:233) - Instantiating extensions registry for governor using factory class net.sf.jasperreports.governors.GovernorExtensionsRegistryFactory
2022-06-29 DEBUG [AWT-EventQueue-0] (DefaultExtensionsRegistry.java:208) - Instantiating registry of type net.sf.jasperreports.web.util.RequirejsModuleMappingExtensionsRegistryFactory for property net.sf.jasperreports.extension.registry.factory.requirejs.module.mapping
2022-06-29 DEBUG [AWT-EventQueue-0] (DefaultExtensionsRegistry.java:233) - Instantiating extensions registry for requirejs.module.mapping using factory class net.sf.jasperreports.web.util.RequirejsModuleMappingExtensionsRegistryFactory
2022-06-29 DEBUG [AWT-EventQueue-0] (DefaultExtensionsRegistry.java:208) - Instantiating registry of type net.sf.jasperreports.engine.query.SQLQueryClauseFunctionsExtensions for property net.sf.jasperreports.extension.registry.factory.sql.clause.functions
2022-06-29 DEBUG [AWT-EventQueue-0] (DefaultExtensionsRegistry.java:233) - Instantiating extensions registry for sql.clause.functions using factory class net.sf.jasperreports.engine.query.SQLQueryClauseFunctionsExtensions
2022-06-29 DEBUG [AWT-EventQueue-0] (DefaultExtensionsRegistry.java:208) - Instantiating registry of type net.sf.jasperreports.engine.style.PropertyStyleProviderExtensionFactory for property net.sf.jasperreports.extension.registry.factory.property.style.provider
2022-06-29 DEBUG [AWT-EventQueue-0] (DefaultExtensionsRegistry.java:233) - Instantiating extensions registry for property.style.provider using factory class net.sf.jasperreports.engine.style.PropertyStyleProviderExtensionFactory
2022-06-29 DEBUG [AWT-EventQueue-0] (DefaultExtensionsRegistry.java:208) - Instantiating registry of type net.sf.jasperreports.web.util.JacksonMappingExtensionsRegistryFactory for property net.sf.jasperreports.extension.registry.factory.jackson.mapping
2022-06-29 DEBUG [AWT-EventQueue-0] (DefaultExtensionsRegistry.java:233) - Instantiating extensions registry for jackson.mapping using factory class net.sf.jasperreports.web.util.JacksonMappingExtensionsRegistryFactory
2022-06-29 DEBUG [AWT-EventQueue-0] (DefaultExtensionsRegistry.java:208) - Instantiating registry of type net.sf.jasperreports.extensions.DefaultExtensionsRegistryFactory for property net.sf.jasperreports.extension.registry.factory.default
2022-06-29 DEBUG [AWT-EventQueue-0] (DefaultExtensionsRegistry.java:233) - Instantiating extensions registry for default using factory class net.sf.jasperreports.extensions.DefaultExtensionsRegistryFactory
2022-06-29 DEBUG [AWT-EventQueue-0] (DefaultExtensionsRegistry.java:208) - Instantiating registry of type net.sf.jasperreports.components.ComponentsExtensionsRegistryFactory for property net.sf.jasperreports.extension.registry.factory.components
2022-06-29 DEBUG [AWT-EventQueue-0] (DefaultExtensionsRegistry.java:233) - Instantiating extensions registry for components using factory class net.sf.jasperreports.components.ComponentsExtensionsRegistryFactory
2022-06-29 DEBUG [AWT-EventQueue-0] (DefaultExtensionsRegistry.java:208) - Instantiating registry of type net.sf.jasperreports.components.headertoolbar.HeaderToolbarConditionalStyleProviderExtensionFactory for property net.sf.jasperreports.extension.registry.factory.header.toolbar.style.provider
2022-06-29 DEBUG [AWT-EventQueue-0] (DefaultExtensionsRegistry.java:233) - Instantiating extensions registry for header.toolbar.style.provider using factory class net.sf.jasperreports.components.headertoolbar.HeaderToolbarConditionalStyleProviderExtensionFactory
2022-06-29 DEBUG [AWT-EventQueue-0] (JRBaseFiller.java:356) - Fill 1: created for null
2022-06-29 DEBUG [AWT-EventQueue-0] (JRFillBand.java:154) - Origin {reportName: null, groupName: null,bandType: BACKGROUND} for band 95348828
2022-06-29 DEBUG [AWT-EventQueue-0] (JRFillBand.java:154) - Origin {reportName: null, groupName: null,bandType: TITLE} for band 1945123007
2022-06-29 DEBUG [AWT-EventQueue-0] (JRFillBand.java:154) - Origin {reportName: null, groupName: null,bandType: PAGE_HEADER} for band 761400700
2022-06-29 DEBUG [AWT-EventQueue-0] (JRFillBand.java:154) - Origin {reportName: null, groupName: null,bandType: COLUMN_HEADER} for band 764324469
2022-06-29 DEBUG [AWT-EventQueue-0] (JRFillBand.java:154) - Origin {reportName: null, groupName: null,bandType: DETAIL} for band 1362884250
2022-06-29 DEBUG [AWT-EventQueue-0] (JRVerticalFiller.java:136) - Filler 1 - pageHeight: 842, columnFooterOffsetY: 822, lastPageColumnFooterOffsetY: 822
2022-06-29 DEBUG [AWT-EventQueue-0] (JRBaseFiller.java:911) - Fill 1: filling report
2022-06-29 DEBUG [AWT-EventQueue-0] (JRFillDataset.java:1107) - Fill 1: Creating sql query executer
2022-06-29 DEBUG [AWT-EventQueue-0] (JRJdbcQueryExecuter.java:254) - SQL query string: SELECT
     bill2.`nf` AS nf,
     bill2.`fecha` AS fecha,
     bill2.`pedido` AS pedido,
     bill2.`cliente_rnc` AS rnc,
     bill2.`nombre_cliente` AS cliente,
     bill2.`producto` AS producto,
     bill2.`desc_pro` AS desc_pro,
     bill2.`cantidad` AS cant,
     bill2.`precio` AS precio,
     bill2.`total_pedido` AS tpedido,
     bill2.`descuento` AS descu,
     bill2.`total_factura` AS tf,
     bill2.`nombrec` AS nombrec,
     bill2.`nocom` AS nocom
FROM
     `bill2` bill2
WHERE
     bill2.nf = ?
2022-06-29 DEBUG [AWT-EventQueue-0] (JRJdbcQueryExecuter.java:396) - Parameter #1 (factura of type java.lang.String): 53
2022-06-29 DEBUG [AWT-EventQueue-0] (JRBaseFiller.java:1857) - Fill 1: adding page 1
2022-06-29 DEBUG [AWT-EventQueue-0] (JRVerticalFiller.java:340) - Fill 1: title at 20
2022-06-29 DEBUG [AWT-EventQueue-0] (DeduplicableRegistry.java:85) - Added object net.sf.jasperreports.engine.fill.JRTemplateImage@3b2455ac
2022-06-29 DEBUG [AWT-EventQueue-0] (SimpleTextLineWrapper.java:303) - creating element font infos cache of size 2000
2022-06-29 DEBUG [AWT-EventQueue-0] (DeduplicableRegistry.java:85) - Added object net.sf.jasperreports.engine.fill.JRTemplateRectangle@40f569ba
2022-06-29 DEBUG [AWT-EventQueue-0] (DeduplicableRegistry.java:85) - Added object net.sf.jasperreports.engine.fill.JRTemplateText@75a1efb1
2022-06-29 DEBUG [AWT-EventQueue-0] (DeduplicableRegistry.java:85) - Added object net.sf.jasperreports.engine.fill.JRTemplateText@4b5e4ed9
2022-06-29 DEBUG [AWT-EventQueue-0] (DeduplicableRegistry.java:85) - Added object net.sf.jasperreports.engine.fill.JRTemplateText@7ddd4917
2022-06-29 DEBUG [AWT-EventQueue-0] (DeduplicableRegistry.java:92) - Found existing instance net.sf.jasperreports.engine.fill.JRTemplateText@7ddd4917 for object net.sf.jasperreports.engine.fill.JRTemplateText@3f1cb778
2022-06-29 DEBUG [AWT-EventQueue-0] (DeduplicableRegistry.java:85) - Added object net.sf.jasperreports.engine.fill.JRTemplateText@3999984b
2022-06-29 DEBUG [AWT-EventQueue-0] (JRFillTextField.java:438) - created net.sf.jasperreports.engine.fill.JRTemplateText@3999984b for (null, {java.util.Date, dd/MM/yyyy,null,null,null})
2022-06-29 DEBUG [AWT-EventQueue-0] (DeduplicableRegistry.java:92) - Found existing instance net.sf.jasperreports.engine.fill.JRTemplateText@4b5e4ed9 for object net.sf.jasperreports.engine.fill.JRTemplateText@7ce97690
2022-06-29 DEBUG [AWT-EventQueue-0] (DeduplicableRegistry.java:92) - Found existing instance net.sf.jasperreports.engine.fill.JRTemplateRectangle@40f569ba for object net.sf.jasperreports.engine.fill.JRTemplateRectangle@71ab3bc5
2022-06-29 DEBUG [AWT-EventQueue-0] (DeduplicableRegistry.java:85) - Added object net.sf.jasperreports.engine.fill.JRTemplateText@ab379ad
2022-06-29 DEBUG [AWT-EventQueue-0] (DeduplicableRegistry.java:85) - Added object net.sf.jasperreports.engine.fill.JRTemplateText@670a3dd7
2022-06-29 DEBUG [AWT-EventQueue-0] (JRFillTextField.java:438) - created net.sf.jasperreports.engine.fill.JRTemplateText@670a3dd7 for (null, null)
2022-06-29 DEBUG [AWT-EventQueue-0] (DeduplicableRegistry.java:85) - Added object net.sf.jasperreports.engine.fill.JRTemplateText@357119b5
2022-06-29 DEBUG [AWT-EventQueue-0] (JRFillTextField.java:438) - created net.sf.jasperreports.engine.fill.JRTemplateText@357119b5 for (null, null)
2022-06-29 DEBUG [AWT-EventQueue-0] (JRVerticalFiller.java:416) - Fill 1: page header at 161
2022-06-29 DEBUG [AWT-EventQueue-0] (DeduplicableRegistry.java:85) - Added object net.sf.jasperreports.engine.fill.JRTemplateRectangle@11beda25
2022-06-29 DEBUG [AWT-EventQueue-0] (DeduplicableRegistry.java:85) - Added object net.sf.jasperreports.engine.fill.JRTemplateText@213c74d3
2022-06-29 DEBUG [AWT-EventQueue-0] (DeduplicableRegistry.java:92) - Found existing instance net.sf.jasperreports.engine.fill.JRTemplateText@213c74d3 for object net.sf.jasperreports.engine.fill.JRTemplateText@14ccbb0f
2022-06-29 DEBUG [AWT-EventQueue-0] (DeduplicableRegistry.java:92) - Found existing instance net.sf.jasperreports.engine.fill.JRTemplateText@213c74d3 for object net.sf.jasperreports.engine.fill.JRTemplateText@6628809d
2022-06-29 DEBUG [AWT-EventQueue-0] (DeduplicableRegistry.java:92) - Found existing instance net.sf.jasperreports.engine.fill.JRTemplateText@213c74d3 for object net.sf.jasperreports.engine.fill.JRTemplateText@451e7413
2022-06-29 DEBUG [AWT-EventQueue-0] (DeduplicableRegistry.java:85) - Added object net.sf.jasperreports.engine.fill.JRTemplateText@44d25730
2022-06-29 DEBUG [AWT-EventQueue-0] (JRFillTextField.java:438) - created net.sf.jasperreports.engine.fill.JRTemplateText@44d25730 for (null, null)
2022-06-29 DEBUG [AWT-EventQueue-0] (DeduplicableRegistry.java:92) - Found existing instance net.sf.jasperreports.engine.fill.JRTemplateText@44d25730 for object net.sf.jasperreports.engine.fill.JRTemplateText@1d403490
2022-06-29 DEBUG [AWT-EventQueue-0] (JRFillTextField.java:438) - created net.sf.jasperreports.engine.fill.JRTemplateText@44d25730 for (null, null)
2022-06-29 DEBUG [AWT-EventQueue-0] (DeduplicableRegistry.java:85) - Added object net.sf.jasperreports.engine.fill.JRTemplateText@3f3b71c3
2022-06-29 DEBUG [AWT-EventQueue-0] (JRFillTextField.java:438) - created net.sf.jasperreports.engine.fill.JRTemplateText@3f3b71c3 for (null, {java.lang.Integer, null,null,null,null})
2022-06-29 DEBUG [AWT-EventQueue-0] (DeduplicableRegistry.java:92) - Found existing instance net.sf.jasperreports.engine.fill.JRTemplateText@3f3b71c3 for object net.sf.jasperreports.engine.fill.JRTemplateText@18437fe5
2022-06-29 DEBUG [AWT-EventQueue-0] (JRFillTextField.java:438) - created net.sf.jasperreports.engine.fill.JRTemplateText@3f3b71c3 for (null, {java.lang.Integer, null,null,null,null})
2022-06-29 DEBUG [AWT-EventQueue-0] (JRVerticalFiller.java:495) - Fill 1: column header at 202
2022-06-29 DEBUG [AWT-EventQueue-0] (DeduplicableRegistry.java:85) - Added object net.sf.jasperreports.engine.fill.JRTemplateRectangle@7e0e05aa
2022-06-29 DEBUG [AWT-EventQueue-0] (DeduplicableRegistry.java:85) - Added object net.sf.jasperreports.engine.fill.JRTemplateText@a66fedb
2022-06-29 DEBUG [AWT-EventQueue-0] (DeduplicableRegistry.java:92) - Found existing instance net.sf.jasperreports.engine.fill.JRTemplateText@a66fedb for object net.sf.jasperreports.engine.fill.JRTemplateText@59c8e594
2022-06-29 DEBUG [AWT-EventQueue-0] (DeduplicableRegistry.java:92) - Found existing instance net.sf.jasperreports.engine.fill.JRTemplateText@a66fedb for object net.sf.jasperreports.engine.fill.JRTemplateText@5a62fff6
2022-06-29 DEBUG [AWT-EventQueue-0] (DeduplicableRegistry.java:92) - Found existing instance net.sf.jasperreports.engine.fill.JRTemplateText@a66fedb for object net.sf.jasperreports.engine.fill.JRTemplateText@1f98b5be
2022-06-29 DEBUG [AWT-EventQueue-0] (JRVerticalFiller.java:741) - Fill 1: detail at 234
2022-06-29 DEBUG [AWT-EventQueue-0] (DeduplicableRegistry.java:85) - Added object net.sf.jasperreports.engine.fill.JRTemplateRectangle@df04e99
2022-06-29 DEBUG [AWT-EventQueue-0] (DeduplicableRegistry.java:92) - Found existing instance net.sf.jasperreports.engine.fill.JRTemplateRectangle@df04e99 for object net.sf.jasperreports.engine.fill.JRTemplateRectangle@c7b7b9b
2022-06-29 DEBUG [AWT-EventQueue-0] (DeduplicableRegistry.java:85) - Added object net.sf.jasperreports.engine.fill.JRTemplateText@134b41c0
2022-06-29 DEBUG [AWT-EventQueue-0] (DeduplicableRegistry.java:92) - Found existing instance net.sf.jasperreports.engine.fill.JRTemplateText@134b41c0 for object net.sf.jasperreports.engine.fill.JRTemplateText@742859d3
2022-06-29 DEBUG [AWT-EventQueue-0] (DeduplicableRegistry.java:92) - Found existing instance net.sf.jasperreports.engine.fill.JRTemplateText@134b41c0 for object net.sf.jasperreports.engine.fill.JRTemplateText@235310f4
2022-06-29 DEBUG [AWT-EventQueue-0] (DeduplicableRegistry.java:85) - Added object net.sf.jasperreports.engine.fill.JRTemplateText@5c4fc583
2022-06-29 DEBUG [AWT-EventQueue-0] (JRFillTextField.java:438) - created net.sf.jasperreports.engine.fill.JRTemplateText@5c4fc583 for (null, null)
2022-06-29 DEBUG [AWT-EventQueue-0] (DeduplicableRegistry.java:92) - Found existing instance net.sf.jasperreports.engine.fill.JRTemplateText@5c4fc583 for object net.sf.jasperreports.engine.fill.JRTemplateText@6df162b2
2022-06-29 DEBUG [AWT-EventQueue-0] (JRFillTextField.java:438) - created net.sf.jasperreports.engine.fill.JRTemplateText@5c4fc583 for (null, null)
2022-06-29 DEBUG [AWT-EventQueue-0] (DeduplicableRegistry.java:85) - Added object net.sf.jasperreports.engine.fill.JRTemplateText@ffee9af
2022-06-29 DEBUG [AWT-EventQueue-0] (JRFillTextField.java:438) - created net.sf.jasperreports.engine.fill.JRTemplateText@ffee9af for (null, {java.lang.Float, USD #,##0.00,null,null,null})
2022-06-29 DEBUG [AWT-EventQueue-0] (DeduplicableRegistry.java:85) - Added object net.sf.jasperreports.engine.fill.JRTemplateText@7bc1058c
2022-06-29 DEBUG [AWT-EventQueue-0] (JRFillTextField.java:438) - created net.sf.jasperreports.engine.fill.JRTemplateText@7bc1058c for (null, {java.lang.Integer, null,null,null,null})
2022-06-29 DEBUG [AWT-EventQueue-0] (DeduplicableRegistry.java:85) - Added object net.sf.jasperreports.engine.fill.JRTemplateText@511afd20
2022-06-29 DEBUG [AWT-EventQueue-0] (JRFillTextField.java:438) - created net.sf.jasperreports.engine.fill.JRTemplateText@511afd20 for (null, {java.lang.Float, USD #,##0.00,null,null,null})
2022-06-29 DEBUG [AWT-EventQueue-0] (DeduplicableRegistry.java:85) - Added object net.sf.jasperreports.engine.fill.JRTemplateText@3b0f7dac
2022-06-29 DEBUG [AWT-EventQueue-0] (JRFillTextField.java:438) - created net.sf.jasperreports.engine.fill.JRTemplateText@3b0f7dac for (null, {java.lang.Integer, #,##0.00 %,null,null,null})
2022-06-29 DEBUG [AWT-EventQueue-0] (DeduplicableRegistry.java:92) - Found existing instance net.sf.jasperreports.engine.fill.JRTemplateText@511afd20 for object net.sf.jasperreports.engine.fill.JRTemplateText@1ac4cd6d
2022-06-29 DEBUG [AWT-EventQueue-0] (JRFillTextField.java:438) - created net.sf.jasperreports.engine.fill.JRTemplateText@511afd20 for (null, {java.lang.Float, USD #,##0.00,null,null,null})
2022-06-29 DEBUG [AWT-EventQueue-0] (JRBaseFiller.java:973) - Fill 1: ended
2022-06-29 DEBUG [AWT-EventQueue-0] (JRFillDataset.java:1188) - Fill 1: closing query executer
